  KeyLog.cpp
C:\Users\User\Desktop\key_logger\KeyLogger\KeyLogLib\KeyLog.cpp(18,6): error C2039: 'string': 'std'의 멤버가 아닙니다.
  (소스 파일 '/KeyLog.cpp'을(를) 컴파일하는 중)
      C:\Users\User\Desktop\key_logger\KeyLogger\KeyLogLib\predefined C++ types (compiler internal)(347,11):
      'std' 선언을 참조하십시오.
  
C:\Users\User\Desktop\key_logger\KeyLogger\KeyLogLib\KeyLog.cpp(18,6): error C4430: 형식 지정자가 없습니다. int로 가정합니다. 참고: C++에서는 기본 int를 지원하지 않습니다.
  (소스 파일 '/KeyLog.cpp'을(를) 컴파일하는 중)
  
C:\Users\User\Desktop\key_logger\KeyLogger\KeyLogLib\KeyLog.cpp(18,13): error C2146: 구문 오류: ';'이(가) 'wstringToString' 식별자 앞에 없습니다.
  (소스 파일 '/KeyLog.cpp'을(를) 컴파일하는 중)
  
C:\Users\User\Desktop\key_logger\KeyLogger\KeyLogLib\KeyLog.cpp(18,40): error C2039: 'wstring': 'std'의 멤버가 아닙니다.
  (소스 파일 '/KeyLog.cpp'을(를) 컴파일하는 중)
      C:\Users\User\Desktop\key_logger\KeyLogger\KeyLogLib\predefined C++ types (compiler internal)(347,11):
      'std' 선언을 참조하십시오.
  
C:\Users\User\Desktop\key_logger\KeyLogger\KeyLogLib\KeyLog.cpp(18,55): error C2143: 구문 오류: ';'이(가) '{' 앞에 없습니다.
  (소스 파일 '/KeyLog.cpp'을(를) 컴파일하는 중)
  
C:\Users\User\Desktop\key_logger\KeyLogger\KeyLogLib\KeyLog.cpp(18,55): error C2447: '{': 함수 헤더가 없습니다. 이전 스타일의 형식 목록입니까?
  (소스 파일 '/KeyLog.cpp'을(를) 컴파일하는 중)
  
C:\Users\User\Desktop\key_logger\KeyLogger\KeyLogLib\KeyLog.cpp(24,6): error C2039: 'string': 'std'의 멤버가 아닙니다.
  (소스 파일 '/KeyLog.cpp'을(를) 컴파일하는 중)
      C:\Users\User\Desktop\key_logger\KeyLogger\KeyLogLib\predefined C++ types (compiler internal)(347,11):
      'std' 선언을 참조하십시오.
  
C:\Users\User\Desktop\key_logger\KeyLogger\KeyLogLib\KeyLog.cpp(24,6): error C4430: 형식 지정자가 없습니다. int로 가정합니다. 참고: C++에서는 기본 int를 지원하지 않습니다.
  (소스 파일 '/KeyLog.cpp'을(를) 컴파일하는 중)
  
C:\Users\User\Desktop\key_logger\KeyLogger\KeyLogLib\KeyLog.cpp(24,6): error C2086: 'int string': 재정의
  (소스 파일 '/KeyLog.cpp'을(를) 컴파일하는 중)
      C:\Users\User\Desktop\key_logger\KeyLogger\KeyLogLib\KeyLog.cpp(18,6):
      'string' 선언을 참조하십시오.
  
C:\Users\User\Desktop\key_logger\KeyLogger\KeyLogLib\KeyLog.cpp(24,13): error C2146: 구문 오류: ';'이(가) 'GetTimestamp' 식별자 앞에 없습니다.
  (소스 파일 '/KeyLog.cpp'을(를) 컴파일하는 중)
  
C:\Users\User\Desktop\key_logger\KeyLogger\KeyLogLib\KeyLog.cpp(24,28): error C2143: 구문 오류: ';'이(가) '{' 앞에 없습니다.
  (소스 파일 '/KeyLog.cpp'을(를) 컴파일하는 중)
  
C:\Users\User\Desktop\key_logger\KeyLogger\KeyLogLib\KeyLog.cpp(24,28): error C2447: '{': 함수 헤더가 없습니다. 이전 스타일의 형식 목록입니까?
  (소스 파일 '/KeyLog.cpp'을(를) 컴파일하는 중)
  
C:\Users\User\Desktop\key_logger\KeyLogger\KeyLogLib\KeyLog.cpp(35,6): error C2039: 'string': 'std'의 멤버가 아닙니다.
  (소스 파일 '/KeyLog.cpp'을(를) 컴파일하는 중)
      C:\Users\User\Desktop\key_logger\KeyLogger\KeyLogLib\predefined C++ types (compiler internal)(347,11):
      'std' 선언을 참조하십시오.
  
C:\Users\User\Desktop\key_logger\KeyLogger\KeyLogLib\KeyLog.cpp(35,6): error C4430: 형식 지정자가 없습니다. int로 가정합니다. 참고: C++에서는 기본 int를 지원하지 않습니다.
  (소스 파일 '/KeyLog.cpp'을(를) 컴파일하는 중)
  
C:\Users\User\Desktop\key_logger\KeyLogger\KeyLogLib\KeyLog.cpp(35,6): error C2086: 'int string': 재정의
  (소스 파일 '/KeyLog.cpp'을(를) 컴파일하는 중)
      C:\Users\User\Desktop\key_logger\KeyLogger\KeyLogLib\KeyLog.cpp(18,6):
      'string' 선언을 참조하십시오.
  
C:\Users\User\Desktop\key_logger\KeyLogger\KeyLogLib\KeyLog.cpp(35,13): error C2146: 구문 오류: ';'이(가) 'GetKeyName' 식별자 앞에 없습니다.
  (소스 파일 '/KeyLog.cpp'을(를) 컴파일하는 중)
  
C:\Users\User\Desktop\key_logger\KeyLogger\KeyLogLib\KeyLog.cpp(35,38): error C2143: 구문 오류: ';'이(가) '{' 앞에 없습니다.
  (소스 파일 '/KeyLog.cpp'을(를) 컴파일하는 중)
  
C:\Users\User\Desktop\key_logger\KeyLogger\KeyLogLib\KeyLog.cpp(35,38): error C2447: '{': 함수 헤더가 없습니다. 이전 스타일의 형식 목록입니까?
  (소스 파일 '/KeyLog.cpp'을(를) 컴파일하는 중)
  
C:\Users\User\Desktop\key_logger\KeyLogger\KeyLogLib\KeyLog.cpp(66,10): error C2039: 'ifstream': 'std'의 멤버가 아닙니다.
  (소스 파일 '/KeyLog.cpp'을(를) 컴파일하는 중)
      C:\Users\User\Desktop\key_logger\KeyLogger\KeyLogLib\predefined C++ types (compiler internal)(347,11):
      'std' 선언을 참조하십시오.
  
C:\Users\User\Desktop\key_logger\KeyLogger\KeyLogLib\KeyLog.cpp(66,10): error C2065: 'ifstream': 선언되지 않은 식별자입니다.
  (소스 파일 '/KeyLog.cpp'을(를) 컴파일하는 중)
  
C:\Users\User\Desktop\key_logger\KeyLogger\KeyLogLib\KeyLog.cpp(66,19): error C2146: 구문 오류: ';'이(가) 'file' 식별자 앞에 없습니다.
  (소스 파일 '/KeyLog.cpp'을(를) 컴파일하는 중)
  
C:\Users\User\Desktop\key_logger\KeyLogger\KeyLogLib\KeyLog.cpp(66,34): error C3083: 'ios': '::'의 왼쪽에 있는 기호는 형식이어야 합니다.
  (소스 파일 '/KeyLog.cpp'을(를) 컴파일하는 중)
  
C:\Users\User\Desktop\key_logger\KeyLogger\KeyLogLib\KeyLog.cpp(66,39): error C2039: 'binary': 'std'의 멤버가 아닙니다.
  (소스 파일 '/KeyLog.cpp'을(를) 컴파일하는 중)
      C:\Users\User\Desktop\key_logger\KeyLogger\KeyLogLib\predefined C++ types (compiler internal)(347,11):
      'std' 선언을 참조하십시오.
  
C:\Users\User\Desktop\key_logger\KeyLogger\KeyLogLib\KeyLog.cpp(66,39): error C2065: 'binary': 선언되지 않은 식별자입니다.
  (소스 파일 '/KeyLog.cpp'을(를) 컴파일하는 중)
  
C:\Users\User\Desktop\key_logger\KeyLogger\KeyLogLib\KeyLog.cpp(66,53): error C3083: 'ios': '::'의 왼쪽에 있는 기호는 형식이어야 합니다.
  (소스 파일 '/KeyLog.cpp'을(를) 컴파일하는 중)
  
C:\Users\User\Desktop\key_logger\KeyLogger\KeyLogLib\KeyLog.cpp(66,58): error C2039: 'ate': 'std'의 멤버가 아닙니다.
  (소스 파일 '/KeyLog.cpp'을(를) 컴파일하는 중)
      C:\Users\User\Desktop\key_logger\KeyLogger\KeyLogLib\predefined C++ types (compiler internal)(347,11):
      'std' 선언을 참조하십시오.
  
C:\Users\User\Desktop\key_logger\KeyLogger\KeyLogLib\KeyLog.cpp(66,58): error C2065: 'ate': 선언되지 않은 식별자입니다.
  (소스 파일 '/KeyLog.cpp'을(를) 컴파일하는 중)
  
C:\Users\User\Desktop\key_logger\KeyLogger\KeyLogLib\KeyLog.cpp(66,19): error C3861: 'file': 식별자를 찾을 수 없습니다.
  (소스 파일 '/KeyLog.cpp'을(를) 컴파일하는 중)
  
C:\Users\User\Desktop\key_logger\KeyLogger\KeyLogLib\KeyLog.cpp(67,9): error C2065: 'file': 선언되지 않은 식별자입니다.
  (소스 파일 '/KeyLog.cpp'을(를) 컴파일하는 중)
  
C:\Users\User\Desktop\key_logger\KeyLogger\KeyLogLib\KeyLog.cpp(67,27): error C2065: 'file': 선언되지 않은 식별자입니다.
  (소스 파일 '/KeyLog.cpp'을(를) 컴파일하는 중)
  
C:\Users\User\Desktop\key_logger\KeyLogger\KeyLogLib\KeyLog.cpp(68,9): error C2065: 'file': 선언되지 않은 식별자입니다.
  (소스 파일 '/KeyLog.cpp'을(를) 컴파일하는 중)
  
C:\Users\User\Desktop\key_logger\KeyLogger\KeyLogLib\KeyLog.cpp(70,14): error C2039: 'time_t': 'std'의 멤버가 아닙니다.
  (소스 파일 '/KeyLog.cpp'을(를) 컴파일하는 중)
      C:\Users\User\Desktop\key_logger\KeyLogger\KeyLogLib\predefined C++ types (compiler internal)(347,11):
      'std' 선언을 참조하십시오.
  
C:\Users\User\Desktop\key_logger\KeyLogger\KeyLogLib\KeyLog.cpp(70,32): error C2039: 'time': 'std'의 멤버가 아닙니다.
  (소스 파일 '/KeyLog.cpp'을(를) 컴파일하는 중)
      C:\Users\User\Desktop\key_logger\KeyLogger\KeyLogLib\predefined C++ types (compiler internal)(347,11):
      'std' 선언을 참조하십시오.
  
C:\Users\User\Desktop\key_logger\KeyLogger\KeyLogLib\KeyLog.cpp(70,32): error C3861: 'time': 식별자를 찾을 수 없습니다.
  (소스 파일 '/KeyLog.cpp'을(를) 컴파일하는 중)
  
C:\Users\User\Desktop\key_logger\KeyLogger\KeyLogLib\KeyLog.cpp(71,14): error C2039: 'tm': 'std'의 멤버가 아닙니다.
  (소스 파일 '/KeyLog.cpp'을(를) 컴파일하는 중)
      C:\Users\User\Desktop\key_logger\KeyLogger\KeyLogLib\predefined C++ types (compiler internal)(347,11):
      'std' 선언을 참조하십시오.
  
C:\Users\User\Desktop\key_logger\KeyLogger\KeyLogLib\KeyLog.cpp(71,14): error C2065: 'tm': 선언되지 않은 식별자입니다.
  (소스 파일 '/KeyLog.cpp'을(를) 컴파일하는 중)
  
C:\Users\User\Desktop\key_logger\KeyLogger\KeyLogLib\KeyLog.cpp(71,17): error C2146: 구문 오류: ';'이(가) 'localTime' 식별자 앞에 없습니다.
  (소스 파일 '/KeyLog.cpp'을(를) 컴파일하는 중)
  
C:\Users\User\Desktop\key_logger\KeyLogger\KeyLogLib\KeyLog.cpp(71,17): error C2065: 'localTime': 선언되지 않은 식별자입니다.
  (소스 파일 '/KeyLog.cpp'을(를) 컴파일하는 중)
  
C:\Users\User\Desktop\key_logger\KeyLogger\KeyLogLib\KeyLog.cpp(72,22): error C2065: 'localTime': 선언되지 않은 식별자입니다.
  (소스 파일 '/KeyLog.cpp'을(를) 컴파일하는 중)
  
C:\Users\User\Desktop\key_logger\KeyLogger\KeyLogLib\KeyLog.cpp(72,9): error C3861: 'localtime_s': 식별자를 찾을 수 없습니다.
  (소스 파일 '/KeyLog.cpp'을(를) 컴파일하는 중)
  
C:\Users\User\Desktop\key_logger\KeyLogger\KeyLogLib\KeyLog.cpp(74,71): error C2065: 'localTime': 선언되지 않은 식별자입니다.
  (소스 파일 '/KeyLog.cpp'을(를) 컴파일하는 중)
  
C:\Users\User\Desktop\key_logger\KeyLogger\KeyLogLib\KeyLog.cpp(74,9): error C3861: 'strftime': 식별자를 찾을 수 없습니다.
  (소스 파일 '/KeyLog.cpp'을(를) 컴파일하는 중)
  
C:\Users\User\Desktop\key_logger\KeyLogger\KeyLogLib\KeyLog.cpp(75,9): error C3861: 'rename': 식별자를 찾을 수 없습니다.
  (소스 파일 '/KeyLog.cpp'을(를) 컴파일하는 중)
  
C:\Users\User\Desktop\key_logger\KeyLogger\KeyLogLib\KeyLog.cpp(86,13): error C2039: 'ofstream': 'std'의 멤버가 아닙니다.
  (소스 파일 '/KeyLog.cpp'을(를) 컴파일하는 중)
      C:\Users\User\Desktop\key_logger\KeyLogger\KeyLogLib\predefined C++ types (compiler internal)(347,11):
      'std' 선언을 참조하십시오.
  
C:\Users\User\Desktop\key_logger\KeyLogger\KeyLogLib\KeyLog.cpp(86,13): error C2065: 'ofstream': 선언되지 않은 식별자입니다.
  (소스 파일 '/KeyLog.cpp'을(를) 컴파일하는 중)
  
C:\Users\User\Desktop\key_logger\KeyLogger\KeyLogLib\KeyLog.cpp(86,16): error C2146: 구문 오류: ';'이(가) 'log' 식별자 앞에 없습니다.
  (소스 파일 '/KeyLog.cpp'을(를) 컴파일하는 중)
  
C:\Users\User\Desktop\key_logger\KeyLogger\KeyLogLib\KeyLog.cpp(86,30): error C3083: 'ios': '::'의 왼쪽에 있는 기호는 형식이어야 합니다.
  (소스 파일 '/KeyLog.cpp'을(를) 컴파일하는 중)
  
C:\Users\User\Desktop\key_logger\KeyLogger\KeyLogLib\KeyLog.cpp(86,35): error C2039: 'app': 'std'의 멤버가 아닙니다.
  (소스 파일 '/KeyLog.cpp'을(를) 컴파일하는 중)
      C:\Users\User\Desktop\key_logger\KeyLogger\KeyLogLib\predefined C++ types (compiler internal)(347,11):
      'std' 선언을 참조하십시오.
  
C:\Users\User\Desktop\key_logger\KeyLogger\KeyLogLib\KeyLog.cpp(86,35): error C2065: 'app': 선언되지 않은 식별자입니다.
  (소스 파일 '/KeyLog.cpp'을(를) 컴파일하는 중)
  
C:\Users\User\Desktop\key_logger\KeyLogger\KeyLogLib\KeyLog.cpp(86,16): error C3861: 'log': 식별자를 찾을 수 없습니다.
  (소스 파일 '/KeyLog.cpp'을(를) 컴파일하는 중)
  
C:\Users\User\Desktop\key_logger\KeyLogger\KeyLogLib\KeyLog.cpp(87,17): error C2065: 'log': 선언되지 않은 식별자입니다.
  (소스 파일 '/KeyLog.cpp'을(를) 컴파일하는 중)
  
C:\Users\User\Desktop\key_logger\KeyLogger\KeyLogLib\KeyLog.cpp(88,17): error C2065: 'log': 선언되지 않은 식별자입니다.
  (소스 파일 '/KeyLog.cpp'을(를) 컴파일하는 중)
  
C:\Users\User\Desktop\key_logger\KeyLogger\KeyLogLib\KeyLog.cpp(88,24): error C3861: 'GetTimestamp': 식별자를 찾을 수 없습니다.
  (소스 파일 '/KeyLog.cpp'을(를) 컴파일하는 중)
  
C:\Users\User\Desktop\key_logger\KeyLogger\KeyLogLib\KeyLog.cpp(88,42): error C3861: 'GetKeyName': 식별자를 찾을 수 없습니다.
  (소스 파일 '/KeyLog.cpp'을(를) 컴파일하는 중)
  
C:\Users\User\Desktop\key_logger\KeyLogger\KeyLogLib\KeyLog.cpp(88,80): error C2039: 'endl': 'std'의 멤버가 아닙니다.
  (소스 파일 '/KeyLog.cpp'을(를) 컴파일하는 중)
      C:\Users\User\Desktop\key_logger\KeyLogger\KeyLogLib\predefined C++ types (compiler internal)(347,11):
      'std' 선언을 참조하십시오.
  
C:\Users\User\Desktop\key_logger\KeyLogger\KeyLogLib\KeyLog.cpp(88,80): error C2065: 'endl': 선언되지 않은 식별자입니다.
  (소스 파일 '/KeyLog.cpp'을(를) 컴파일하는 중)
  
C:\Users\User\Desktop\key_logger\KeyLogger\KeyLogLib\KeyLog.cpp(89,17): error C2065: 'log': 선언되지 않은 식별자입니다.
  (소스 파일 '/KeyLog.cpp'을(를) 컴파일하는 중)
  
C:\Users\User\Desktop\key_logger\KeyLogger\KeyLogLib\KeyLog.cpp(112,14): error C2039: 'cerr': 'std'의 멤버가 아닙니다.
  (소스 파일 '/KeyLog.cpp'을(를) 컴파일하는 중)
      C:\Users\User\Desktop\key_logger\KeyLogger\KeyLogLib\predefined C++ types (compiler internal)(347,11):
      'std' 선언을 참조하십시오.
  
C:\Users\User\Desktop\key_logger\KeyLogger\KeyLogLib\KeyLog.cpp(112,14): error C2065: 'cerr': 선언되지 않은 식별자입니다.
  (소스 파일 '/KeyLog.cpp'을(를) 컴파일하는 중)
  
C:\Users\User\Desktop\key_logger\KeyLogger\KeyLogLib\KeyLog.cpp(112,69): error C2039: 'endl': 'std'의 멤버가 아닙니다.
  (소스 파일 '/KeyLog.cpp'을(를) 컴파일하는 중)
      C:\Users\User\Desktop\key_logger\KeyLogger\KeyLogLib\predefined C++ types (compiler internal)(347,11):
      'std' 선언을 참조하십시오.
  
C:\Users\User\Desktop\key_logger\KeyLogger\KeyLogLib\KeyLog.cpp(112,69): error C2065: 'endl': 선언되지 않은 식별자입니다.
  (소스 파일 '/KeyLog.cpp'을(를) 컴파일하는 중)
  
C:\Users\User\Desktop\key_logger\KeyLogger\KeyLogLib\KeyLog.cpp(115,10): error C2039: 'cout': 'std'의 멤버가 아닙니다.
  (소스 파일 '/KeyLog.cpp'을(를) 컴파일하는 중)
      C:\Users\User\Desktop\key_logger\KeyLogger\KeyLogLib\predefined C++ types (compiler internal)(347,11):
      'std' 선언을 참조하십시오.
  
C:\Users\User\Desktop\key_logger\KeyLogger\KeyLogLib\KeyLog.cpp(115,10): error C2065: 'cout': 선언되지 않은 식별자입니다.
  (소스 파일 '/KeyLog.cpp'을(를) 컴파일하는 중)
  
C:\Users\User\Desktop\key_logger\KeyLogger\KeyLogLib\KeyLog.cpp(115,101): error C2039: 'endl': 'std'의 멤버가 아닙니다.
  (소스 파일 '/KeyLog.cpp'을(를) 컴파일하는 중)
      C:\Users\User\Desktop\key_logger\KeyLogger\KeyLogLib\predefined C++ types (compiler internal)(347,11):
      'std' 선언을 참조하십시오.
  
C:\Users\User\Desktop\key_logger\KeyLogger\KeyLogLib\KeyLog.cpp(115,101): error C2065: 'endl': 선언되지 않은 식별자입니다.
  (소스 파일 '/KeyLog.cpp'을(를) 컴파일하는 중)
  
C:\Users\User\Desktop\key_logger\KeyLogger\KeyLogLib\KeyLog.cpp(116,10): error C2039: 'cout': 'std'의 멤버가 아닙니다.
  (소스 파일 '/KeyLog.cpp'을(를) 컴파일하는 중)
      C:\Users\User\Desktop\key_logger\KeyLogger\KeyLogLib\predefined C++ types (compiler internal)(347,11):
      'std' 선언을 참조하십시오.
  
C:\Users\User\Desktop\key_logger\KeyLogger\KeyLogLib\KeyLog.cpp(116,10): error C2065: 'cout': 선언되지 않은 식별자입니다.
  (소스 파일 '/KeyLog.cpp'을(를) 컴파일하는 중)
  
C:\Users\User\Desktop\key_logger\KeyLogger\KeyLogLib\KeyLog.cpp(116,74): error C2039: 'endl': 'std'의 멤버가 아닙니다.
  (소스 파일 '/KeyLog.cpp'을(를) 컴파일하는 중)
      C:\Users\User\Desktop\key_logger\KeyLogger\KeyLogLib\predefined C++ types (compiler internal)(347,11):
      'std' 선언을 참조하십시오.
  
C:\Users\User\Desktop\key_logger\KeyLogger\KeyLogLib\KeyLog.cpp(116,74): error C2065: 'endl': 선언되지 않은 식별자입니다.
  (소스 파일 '/KeyLog.cpp'을(를) 컴파일하는 중)
  
